[    0.000000] Initializing cgroup subsys cpuset
[    0.000000] Initializing cgroup subsys cpu
[    0.000000] Initializing cgroup subsys cpuacct
[    0.000000] Linux version 4.4.0-184-generic (buildd@lgw01-amd64-060) (gcc version 5.4.0 20160609 (Ubuntu 5.4.0-6ubuntu1~16.04.12) ) #214-Ubuntu SMP Thu Jun 4 10:14:11 UTC 2020 (Ubuntu 4.4.0-184.214-generic 4.4.223)
[    0.000000] Command line: BOOT_IMAGE=/boot/vmlinuz-4.4.0-184-generic root=LABEL=cloudimg-rootfs ro console=tty1 console=ttyS0
[    0.000000] KERNEL supported cpus:
[    0.000000]   Intel GenuineIntel
[    0.000000]   AMD AuthenticAMD
[    0.000000]   Centaur CentaurHauls
[    0.000000] x86/fpu: xstate_offset[2]:  576, xstate_sizes[2]:  256
[    0.000000] x86/fpu: Supporting XSAVE feature 0x01: 'x87 floating point registers'
[    0.000000] x86/fpu: Supporting XSAVE feature 0x02: 'SSE registers'
[    0.000000] x86/fpu: Supporting XSAVE feature 0x04: 'AVX registers'
[    0.000000] x86/fpu: Enabled xstate features 0x7, context size is 832 bytes, using 'standard' format.
[    0.000000] e820: BIOS-provided physical RAM map:
[    0.000000] BIOS-e820: [mem 0x0000000000000000-0x000000000009fbff] usable
[    0.000000] BIOS-e820: [mem 0x000000000009fc00-0x000000000009ffff] reserved
[    0.000000] BIOS-e820: [mem 0x00000000000f0000-0x00000000000fffff] reserved
[    0.000000] BIOS-e820: [mem 0x0000000000100000-0x000000003ffeffff] usable
[    0.000000] BIOS-e820: [mem 0x000000003fff0000-0x000000003fffffff] ACPI data
[    0.000000] BIOS-e820: [mem 0x00000000fec00000-0x00000000fec00fff] reserved
[    0.000000] BIOS-e820: [mem 0x00000000fee00000-0x00000000fee00fff] reserved
[    0.000000] BIOS-e820: [mem 0x00000000fffc0000-0x00000000ffffffff] reserved
[    0.000000] NX (Execute Disable) protection: active
[    0.000000] SMBIOS 2.5 present.
[    0.000000] Hypervisor detected: KVM
[    0.000000] e820: last_pfn = 0x3fff0 max_arch_pfn = 0x400000000
[    0.000000] MTRR: Disabled
[    0.000000] x86/PAT: MTRRs disabled, skipping PAT initialization too.
[    0.000000] CPU MTRRs all blank - virtualized system.
[    0.000000] x86/PAT: Configuration [0-7]: WB  WT  UC- UC  WB  WT  UC- UC  
[    0.000000] found SMP MP-table at [mem 0x0009fff0-0x0009ffff] mapped at [ffff88000009fff0]
[    0.000000] Scanning 1 areas for low memory corruption
[    0.000000] RAMDISK: [mem 0x362de000-0x37166fff]
[    0.000000] ACPI: Early table checksum verification disabled
[    0.000000] ACPI: RSDP 0x00000000000E0000 000024 (v02 VBOX  )
[    0.000000] ACPI: XSDT 0x000000003FFF0030 00003C (v01 VBOX   VBOXXSDT 00000001 ASL  00000061)
[    0.000000] ACPI: FACP 0x000000003FFF00F0 0000F4 (v04 VBOX   VBOXFACP 00000001 ASL  00000061)
[    0.000000] ACPI: DSDT 0x000000003FFF0470 002325 (v02 VBOX   VBOXBIOS 00000002 INTL 20100528)
[    0.000000] ACPI: FACS 0x000000003FFF0200 000040
[    0.000000] ACPI: FACS 0x000000003FFF0200 000040
[    0.000000] ACPI: APIC 0x000000003FFF0240 00005C (v02 VBOX   VBOXAPIC 00000001 ASL  00000061)
[    0.000000] ACPI: SSDT 0x000000003FFF02A0 0001CC (v01 VBOX   VBOXCPUT 00000002 INTL 20100528)
[    0.000000] No NUMA configuration found
[    0.000000] Faking a node at [mem 0x0000000000000000-0x000000003ffeffff]
[    0.000000] NODE_DATA(0) allocated [mem 0x3ffeb000-0x3ffeffff]
[    0.000000] kvm-clock: Using msrs 4b564d01 and 4b564d00
[    0.000000] kvm-clock: cpu 0, msr 0:3ffe3001, primary cpu clock
[    0.000000] kvm-clock: using sched offset of 7437553116 cycles
[    0.000000] clocksource: kvm-clock: mask: 0xffffffffffffffff max_cycles: 0x1cd42e4dffb, max_idle_ns: 881590591483 ns
[    0.000000] Zone ranges:
[    0.000000]   DMA      [mem 0x0000000000001000-0x0000000000ffffff]
[    0.000000]   DMA32    [mem 0x0000000001000000-0x000000003ffeffff]
[    0.000000]   Normal   empty
[    0.000000]   Device   empty
[    0.000000] Movable zone start for each node
[    0.000000] Early memory node ranges
[    0.000000]   node   0: [mem 0x0000000000001000-0x000000000009efff]
[    0.000000]   node   0: [mem 0x0000000000100000-0x000000003ffeffff]
[    0.000000] Initmem setup node 0 [mem 0x0000000000001000-0x000000003ffeffff]
[    0.000000] ACPI: PM-Timer IO Port: 0x4008
[    0.000000] IOAPIC[0]: apic_id 2, version 32, address 0xfec00000, GSI 0-23
[    0.000000] ACPI: INT_SRC_OVR (bus 0 bus_irq 0 global_irq 2 dfl dfl)
[    0.000000] ACPI: INT_SRC_OVR (bus 0 bus_irq 9 global_irq 9 low level)
[    0.000000] Using ACPI (MADT) for SMP configuration information
[    0.000000] smpboot: Allowing 2 CPUs, 0 hotplug CPUs
[    0.000000] PM: Registered nosave memory: [mem 0x00000000-0x00000fff]
[    0.000000] PM: Registered nosave memory: [mem 0x0009f000-0x0009ffff]
[    0.000000] PM: Registered nosave memory: [mem 0x000a0000-0x000effff]
[    0.000000] PM: Registered nosave memory: [mem 0x000f0000-0x000fffff]
[    0.000000] e820: [mem 0x40000000-0xfebfffff] available for PCI devices
[    0.000000] Booting paravirtualized kernel on KVM
[    0.000000] clocksource: refined-jiffies: mask: 0xffffffff max_cycles: 0xffffffff, max_idle_ns: 7645519600211568 ns
[    0.000000] setup_percpu: NR_CPUS:512 nr_cpumask_bits:512 nr_cpu_ids:2 nr_node_ids:1
[    0.000000] PERCPU: Embedded 33 pages/cpu @ffff88003fc00000 s95448 r8192 d31528 u1048576
[    0.000000] Built 1 zonelists in Node order, mobility grouping on.  Total pages: 257912
[    0.000000] Policy zone: DMA32
[    0.000000] Kernel command line: BOOT_IMAGE=/boot/vmlinuz-4.4.0-184-generic root=LABEL=cloudimg-rootfs ro console=tty1 console=ttyS0
[    0.000000] PID hash table entries: 4096 (order: 3, 32768 bytes)
[    0.000000] Memory: 997664K/1048120K available (8632K kernel code, 1336K rwdata, 4036K rodata, 1492K init, 1292K bss, 50456K reserved, 0K cma-reserved)
[    0.000000] SLUB: HWalign=64, Order=0-3, MinObjects=0, CPUs=2, Nodes=1
[    0.000000] Kernel/User page tables isolation: enabled
[    0.000000] Hierarchical RCU implementation.
[    0.000000] 	Build-time adjustment of leaf fanout to 64.
[    0.000000] 	RCU restricting CPUs from NR_CPUS=512 to nr_cpu_ids=2.
[    0.000000] RCU: Adjusting geometry for rcu_fanout_leaf=64, nr_cpu_ids=2
[    0.000000] NR_IRQS:33024 nr_irqs:440 16
[    0.000000] Console: colour VGA+ 80x25
[    0.000000] console [tty1] enabled
[    0.000000] console [ttyS0] enabled
[    0.000000] tsc: Detected 1991.999 MHz processor
[    0.267826] Calibrating delay loop (skipped) preset value.. 3983.99 BogoMIPS (lpj=7967996)
[    0.270635] pid_max: default: 32768 minimum: 301
[    0.273444] ACPI: Core revision 20150930
[    0.276020] ACPI: 2 ACPI AML tables successfully acquired and loaded
[    0.278032] Security Framework initialized
[    0.279518] Yama: becoming mindful.
[    0.280763] AppArmor: AppArmor initialized
[    0.282467] Dentry cache hash table entries: 131072 (order: 8, 1048576 bytes)
[    0.286611] Inode-cache hash table entries: 65536 (order: 7, 524288 bytes)
[    0.289218] Mount-cache hash table entries: 2048 (order: 2, 16384 bytes)
[    0.291505] Mountpoint-cache hash table entries: 2048 (order: 2, 16384 bytes)
[    0.293673] Initializing cgroup subsys io
[    0.294903] Initializing cgroup subsys memory
[    0.296186] Initializing cgroup subsys devices
[    0.298213] Initializing cgroup subsys freezer
[    0.299593] Initializing cgroup subsys net_cls
[    0.301019] Initializing cgroup subsys perf_event
[    0.302792] Initializing cgroup subsys net_prio
[    0.305501] Initializing cgroup subsys hugetlb
[    0.307192] Initializing cgroup subsys pids
[    0.310381] mce: CPU supports 0 MCE banks
[    0.311993] Last level iTLB entries: 4KB 64, 2MB 8, 4MB 8
[    0.313908] Last level dTLB entries: 4KB 64, 2MB 0, 4MB 0, 1GB 4
[    0.315651] Spectre V1 : Mitigation: usercopy/swapgs barriers and __user pointer sanitization
[    0.318584] Spectre V2 : Mitigation: Full generic retpoline
[    0.320509] Spectre V2 : Spectre v2 / SpectreRSB mitigation: Filling RSB on context switch
[    0.324116] Speculative Store Bypass: Vulnerable
[    0.325418] SRBDS: Unknown: Dependent on hypervisor status
[    0.327099] MDS: Mitigation: Clear CPU buffers
[    0.332214] Freeing SMP alternatives memory: 36K
[    0.342139] ftrace: allocating 32319 entries in 127 pages
[    0.413971] smpboot: APIC(0) Converting physical 0 to logical package 0
[    0.416836] smpboot: Max logical packages: 1
[    0.418524] x2apic enabled
[    0.419611] Switched APIC routing to physical x2apic.
[    0.422442] ..TIMER: vector=0x30 apic1=0 pin1=2 apic2=-1 pin2=-1
[    0.532706] smpboot: CPU0: Intel(R) Core(TM) i5-6360U CPU @ 2.00GHz (family: 0x6, model: 0x4e, stepping: 0x3)
[    0.536976] Performance Events: unsupported p6 CPU model 78 no PMU driver, software events only.
[    0.552900] KVM setup paravirtual spinlock
[    0.555566] x86: Booting SMP configuration:
[    0.557616] .... node  #0, CPUs:      #1
[    0.558937] kvm-clock: cpu 1, msr 0:3ffe3041, secondary cpu clock
[    0.562089] mce: CPU supports 0 MCE banks
[    0.565033] x86: Booted up 1 node, 2 CPUs
[    0.567125] smpboot: Total of 2 processors activated (7967.99 BogoMIPS)
[    0.570311] devtmpfs: initialized
[    0.574773] evm: security.selinux
[    0.576171] evm: security.SMACK64
[    0.577575] evm: security.SMACK64EXEC
[    0.578727] evm: security.SMACK64TRANSMUTE
[    0.580424] evm: security.SMACK64MMAP
[    0.581891] evm: security.ima
[    0.582876] evm: security.capability
[    0.584564] clocksource: jiffies: mask: 0xffffffff max_cycles: 0xffffffff, max_idle_ns: 7645041785100000 ns
[    0.588221] futex hash table entries: 512 (order: 3, 32768 bytes)
[    0.590821] pinctrl core: initialized pinctrl subsystem
[    0.592406] RTC time: 20:05:58, date: 06/23/20
[    0.593988] NET: Registered protocol family 16
[    0.606072] cpuidle: using governor ladder
[    0.617776] cpuidle: using governor menu
[    0.619960] PCCT header not found.
[    0.621348] ACPI: bus type PCI registered
[    0.622788] acpiphp: ACPI Hot Plug PCI Controller Driver version: 0.5
[    0.624970] PCI: Using configuration type 1 for base access
[    0.638541] ACPI: Added _OSI(Module Device)
[    0.640890] ACPI: Added _OSI(Processor Device)
[    0.643033] ACPI: Added _OSI(3.0 _SCP Extensions)
[    0.644813] ACPI: Added _OSI(Processor Aggregator Device)
[    0.647541] ACPI: Executed 1 blocks of module-level executable AML code
[    0.652675] ACPI: Interpreter enabled
[    0.654328] ACPI: (supports S0 S5)
[    0.655760] ACPI: Using IOAPIC for interrupt routing
[    0.659779] PCI: Using host bridge windows from ACPI; if necessary, use "pci=nocrs" and report a bug
[    0.668305] ACPI: PCI Root Bridge [PCI0] (domain 0000 [bus 00-ff])
[    0.670783] acpi PNP0A03:00: _OSC: OS supports [ASPM ClockPM Segments MSI]
[    0.674496] acpi PNP0A03:00: _OSC: not requesting OS control; OS requires [ExtendedConfig ASPM ClockPM MSI]
[    0.680569] acpi PNP0A03:00: fail to add MMCONFIG information, can't access extended PCI configuration space under this bridge.
[    0.685814] PCI host bridge to bus 0000:00
[    0.687404] pci_bus 0000:00: root bus resource [io  0x0000-0x0cf7 window]
[    0.690440] pci_bus 0000:00: root bus resource [io  0x0d00-0xffff window]
[    0.693064] pci_bus 0000:00: root bus resource [mem 0x000a0000-0x000bffff window]
[    0.696045] pci_bus 0000:00: root bus resource [mem 0x40000000-0xfdffffff window]
[    0.699290] pci_bus 0000:00: root bus resource [bus 00-ff]
[    0.704632] pci 0000:00:01.1: legacy IDE quirk: reg 0x10: [io  0x01f0-0x01f7]
[    0.708139] pci 0000:00:01.1: legacy IDE quirk: reg 0x14: [io  0x03f6]
[    0.711126] pci 0000:00:01.1: legacy IDE quirk: reg 0x18: [io  0x0170-0x0177]
[    0.732112] pci 0000:00:01.1: legacy IDE quirk: reg 0x1c: [io  0x0376]
[    0.766313] pci 0000:00:07.0: quirk: [io  0x4000-0x403f] claimed by PIIX4 ACPI
[    0.771597] pci 0000:00:07.0: quirk: [io  0x4100-0x410f] claimed by PIIX4 SMB
[    0.799012] ACPI: PCI Interrupt Link [LNKA] (IRQs 5 9 10 *11)
[    0.804203] ACPI: PCI Interrupt Link [LNKB] (IRQs 5 9 *10 11)
[    0.810856] ACPI: PCI Interrupt Link [LNKC] (IRQs 5 *9 10 11)
[    0.814111] ACPI: PCI Interrupt Link [LNKD] (IRQs 5 9 10 *11)
[    0.818036] ACPI: Enabled 2 GPEs in block 00 to 07
[    0.820505] vgaarb: setting as boot device: PCI:0000:00:02.0
[    0.825198] vgaarb: device added: PCI:0000:00:02.0,decodes=io+mem,owns=io+mem,locks=none
[    0.830510] vgaarb: loaded
[    0.832017] vgaarb: bridge control possible 0000:00:02.0
[    0.834430] SCSI subsystem initialized
[    0.836660] ACPI: bus type USB registered
[    0.838852] usbcore: registered new interface driver usbfs
[    0.842555] usbcore: registered new interface driver hub
[    0.844793] usbcore: registered new device driver usb
[    0.847567] PCI: Using ACPI for IRQ routing
[    0.852129] NetLabel: Initializing
[    0.853267] NetLabel:  domain hash size = 128
[    0.855021] NetLabel:  protocols = UNLABELED CIPSOv4
[    0.857353] NetLabel:  unlabeled traffic allowed by default
[    0.859691] amd_nb: Cannot enumerate AMD northbridges
[    0.862298] clocksource: Switched to clocksource kvm-clock
[    0.875039] AppArmor: AppArmor Filesystem Enabled
[    0.878078] pnp: PnP ACPI init
[    0.880614] pnp: PnP ACPI: found 3 devices
[    0.893741] clocksource: acpi_pm: mask: 0xffffff max_cycles: 0xffffff, max_idle_ns: 2085701024 ns
[    0.898319] NET: Registered protocol family 2
[    0.900264] TCP established hash table entries: 8192 (order: 4, 65536 bytes)
[    0.904417] TCP bind hash table entries: 8192 (order: 5, 131072 bytes)
[    0.907064] TCP: Hash tables configured (established 8192 bind 8192)
[    0.909921] UDP hash table entries: 512 (order: 2, 16384 bytes)
[    0.914398] UDP-Lite hash table entries: 512 (order: 2, 16384 bytes)
[    0.916485] NET: Registered protocol family 1
[    0.918139] pci 0000:00:00.0: Limiting direct PCI/PCI transfers
[    0.921458] pci 0000:00:01.0: Activating ISA DMA hang workarounds
[    0.924304] Unpacking initramfs...
[    1.200904] Freeing initrd memory: 14884K
[    1.216782] clocksource: tsc: mask: 0xffffffffffffffff max_cycles: 0x396d4ffc055, max_idle_ns: 881590662783 ns
[    1.220636] platform rtc_cmos: registered platform RTC device (no PNP device found)
[    1.224847] Scanning for low memory corruption every 60 seconds
[    1.227851] audit: initializing netlink subsys (disabled)
[    1.229806] audit: type=2000 audit(1592942767.715:1): initialized
[    1.232629] Initialise system trusted keyring
[    1.234928] HugeTLB registered 2 MB page size, pre-allocated 0 pages
[    1.239314] zbud: loaded
[    1.241003] VFS: Disk quotas dquot_6.6.0
[    1.242830] VFS: Dquot-cache hash table entries: 512 (order 0, 4096 bytes)
[    1.245954] squashfs: version 4.0 (2009/01/31) Phillip Lougher
[    1.248755] fuse init (API version 7.23)
[    1.250534] Key type big_key registered
[    1.252221] Allocating IMA MOK and blacklist keyrings.
[    1.256044] Key type asymmetric registered
[    1.258861] Asymmetric key parser 'x509' registered
[    1.260689] Block layer SCSI generic (bsg) driver version 0.4 loaded (major 249)
[    1.264060] io scheduler noop registered
[    1.265858] io scheduler deadline registered (default)
[    1.268753] io scheduler cfq registered
[    1.270557] pci_hotplug: PCI Hot Plug PCI Core version: 0.5
[    1.272523] pciehp: PCI Express Hot Plug Controller Driver version: 0.4
[    1.275619] ACPI: AC Adapter [AC] (off-line)
[    1.277451] input: Power Button as /devices/LNXSYSTM:00/LNXPWRBN:00/input/input0
[    1.280815] ACPI: Power Button [PWRF]
[    1.282299] input: Sleep Button as /devices/LNXSYSTM:00/LNXSLPBN:00/input/input1
[    1.286247] ACPI: Sleep Button [SLPF]
[    1.290156] ACPI: Battery Slot [BAT0] (battery present)
[    1.293408] GHES: HEST is not enabled!
[    1.295216] Serial: 8250/16550 driver, 32 ports, IRQ sharing enabled
[    1.318959] 00:02: ttyS0 at I/O 0x3f8 (irq = 4, base_baud = 115200) is a 16550A
[    1.323670] Linux agpgart interface v0.103
[    1.328166] loop: module loaded
[    1.330264] scsi host0: ata_piix
[    1.332037] scsi host1: ata_piix
[    1.333690] ata1: PATA max UDMA/33 cmd 0x1f0 ctl 0x3f6 bmdma 0xd000 irq 14
[    1.335789] ata2: PATA max UDMA/33 cmd 0x170 ctl 0x376 bmdma 0xd008 irq 15
[    1.339150] libphy: Fixed MDIO Bus: probed
[    1.341919] tun: Universal TUN/TAP device driver, 1.6
[    1.345904] tun: (C) 1999-2004 Max Krasnyansky <maxk@qualcomm.com>
[    1.349012] PPP generic driver version 2.4.2
[    1.350696] ehci_hcd: USB 2.0 'Enhanced' Host Controller (EHCI) Driver
[    1.353454] ehci-pci: EHCI PCI platform driver
[    1.355307] ehci-platform: EHCI generic platform driver
[    1.358268] ohci_hcd: USB 1.1 'Open' Host Controller (OHCI) Driver
[    1.362039] ohci-pci: OHCI PCI platform driver
[    1.363967] ohci-platform: OHCI generic platform driver
[    1.365433] uhci_hcd: USB Universal Host Controller Interface driver
[    1.367604] i8042: PNP: PS/2 Controller [PNP0303:PS2K,PNP0f03:PS2M] at 0x60,0x64 irq 1,12
[    1.370833] serio: i8042 KBD port at 0x60,0x64 irq 1
[    1.373221] serio: i8042 AUX port at 0x60,0x64 irq 12
[    1.375620] mousedev: PS/2 mouse device common for all mice
[    1.378704] rtc_cmos rtc_cmos: rtc core: registered rtc_cmos as rtc0
[    1.381325] rtc_cmos rtc_cmos: alarms up to one day, 114 bytes nvram
[    1.383896] i2c /dev entries driver
[    1.385187] input: AT Translated Set 2 keyboard as /devices/platform/i8042/serio0/input/input2
[    1.389018] device-mapper: uevent: version 1.0.3
[    1.391180] device-mapper: ioctl: 4.34.0-ioctl (2015-10-28) initialised: dm-devel@redhat.com
[    1.393629] ledtrig-cpu: registered to indicate activity on CPUs
[    1.396467] NET: Registered protocol family 10
[    1.398430] NET: Registered protocol family 17
[    1.400229] Key type dns_resolver registered
[    1.402261] registered taskstats version 1
[    1.404068] Loading compiled-in X.509 certificates
[    1.406070] Loaded X.509 cert 'Build time autogenerated kernel key: b6ae09eed57f82583ccd3c65c463e852cdd7a0b5'
[    1.409623] zswap: loaded using pool lzo/zbud
[    1.413428] Key type trusted registered
[    1.417993] Key type encrypted registered
[    1.420104] AppArmor: AppArmor sha1 policy hashing enabled
[    1.422035] ima: No TPM chip found, activating TPM-bypass!
[    1.423760] ima: Allocated hash algorithm: sha1
[    1.425683] evm: HMAC attrs: 0x1
[    1.427861]   Magic number: 8:364:94
[    1.429036] rtc_cmos rtc_cmos: setting system clock to 2020-06-23 20:05:58 UTC (1592942758)
[    1.432387] BIOS EDD facility v0.16 2004-Jun-25, 0 devices found
[    1.434407] EDD information not available.
[    1.521368] Freeing unused kernel memory: 1492K
[    1.523287] Write protecting the kernel read-only data: 14336k
[    1.525637] Freeing unused kernel memory: 1596K
[    1.527431] Freeing unused kernel memory: 60K
Loading, please wait...
starting version 229
[    1.548301] random: systemd-udevd: uninitialized urandom read (16 bytes read, 3 bits of entropy available)
[    1.549021] random: udevadm: uninitialized urandom read (16 bytes read, 3 bits of entropy available)
[    1.549047] random: udevadm: uninitialized urandom read (16 bytes read, 3 bits of entropy available)
[    1.559220] random: udevadm: uninitialized urandom read (16 bytes read, 3 bits of entropy available)
[    1.559292] random: udevadm: uninitialized urandom read (16 bytes read, 3 bits of entropy available)
[    1.559517] random: udevadm: uninitialized urandom read (16 bytes read, 3 bits of entropy available)
[    1.559602] random: udevadm: uninitialized urandom read (16 bytes read, 3 bits of entropy available)
[    1.559673] random: udevadm: uninitialized urandom read (16 bytes read, 3 bits of entropy available)
[    1.559745] random: udevadm: uninitialized urandom read (16 bytes read, 3 bits of entropy available)
[    1.559811] random: udevadm: uninitialized urandom read (16 bytes read, 3 bits of entropy available)
[    1.637654] e1000: Intel(R) PRO/1000 Network Driver - version 7.3.21-k8-NAPI
[    1.643114] e1000: Copyright (c) 1999-2006 Intel Corporation.
[    1.659844] Fusion MPT base driver 3.04.20
[    1.664066] Copyright (c) 1999-2008 LSI Corporation
[    1.694111] AVX2 version of gcm_enc/dec engaged.
[    1.695730] AES CTR mode by8 optimization enabled
[    1.702893] Fusion MPT SPI Host driver 3.04.20
[    1.848583] input: ImExPS/2 Generic Explorer Mouse as /devices/platform/i8042/serio1/input/input4
[    2.186984] e1000 0000:00:03.0 eth0: (PCI:33MHz:32-bit) 02:89:fa:04:16:8f
[    2.189401] e1000 0000:00:03.0 eth0: Intel(R) PRO/1000 Network Connection
[    2.192798] mptbase: ioc0: Initiating bringup
[    2.255056] ioc0: LSI53C1030 A0: Capabilities={Initiator}
[    2.416718] scsi host2: ioc0: LSI53C1030 A0, FwRev=00000000h, Ports=1, MaxQ=256, IRQ=20
[    2.532283] scsi 2:0:0:0: Direct-Access     VBOX     HARDDISK         1.0  PQ: 0 ANSI: 5
[    2.536703] scsi target2:0:0: Beginning Domain Validation
[    2.540722] scsi target2:0:0: Domain Validation skipping write tests
[    2.543193] scsi target2:0:0: Ending Domain Validation
[    2.545314] scsi target2:0:0: asynchronous
[    2.547026] scsi 2:0:1:0: Direct-Access     VBOX     HARDDISK         1.0  PQ: 0 ANSI: 5
[    2.549544] scsi target2:0:1: Beginning Domain Validation
[    2.552140] scsi target2:0:1: Domain Validation skipping write tests
[    2.554040] scsi target2:0:1: Ending Domain Validation
[    2.556494] scsi target2:0:1: asynchronous
[    2.587852] sd 2:0:0:0: Attached scsi generic sg0 type 0
[    2.590909] sd 2:0:1:0: [sdb] 20480 512-byte logical blocks: (10.5 MB/10.0 MiB)
[    2.596700] sd 2:0:1:0: Attached scsi generic sg1 type 0
[    2.598895] sd 2:0:0:0: [sda] 20971520 512-byte logical blocks: (10.7 GB/10.0 GiB)
[    2.601692] sd 2:0:0:0: [sda] Write Protect is off
[    2.603420] sd 2:0:1:0: [sdb] Write Protect is off
[    2.605595] sd 2:0:0:0: [sda] Incomplete mode parameter data
[    2.608299] sd 2:0:0:0: [sda] Assuming drive cache: write through
[    2.611130] sd 2:0:1:0: [sdb] Incomplete mode parameter data
[    2.613194] sd 2:0:1:0: [sdb] Assuming drive cache: write through
[    2.618622]  sda: sda1
[    2.621576] sd 2:0:0:0: [sda] Attached SCSI disk
[    2.623802] sd 2:0:1:0: [sdb] Attached SCSI disk
[    2.968970] e1000 0000:00:08.0 eth1: (PCI:33MHz:32-bit) 08:00:27:2a:fc:55
[    2.971834] e1000 0000:00:08.0 eth1: Intel(R) PRO/1000 Network Connection
[    2.977833] e1000 0000:00:08.0 enp0s8: renamed from eth1
[    2.991099] e1000 0000:00:03.0 enp0s3: renamed from eth0
Begin: Loading essential drivers ... [    4.560732] md: linear personality registered for level -1
[    4.571351] md: multipath personality registered for level -4
[    4.577962] md: raid0 personality registered for level 0
[    4.585220] md: raid1 personality registered for level 1
[    4.658724] raid6: sse2x1   gen()  8554 MB/s
[    4.726834] raid6: sse2x1   xor()  6169 MB/s
[    4.794781] raid6: sse2x2   gen() 10359 MB/s
[    4.862473] raid6: sse2x2   xor()  7696 MB/s
[    4.930554] raid6: sse2x4   gen() 13010 MB/s
[    4.998501] raid6: sse2x4   xor()  8800 MB/s
[    5.066855] raid6: avx2x1   gen() 18698 MB/s
[    5.134760] raid6: avx2x2   gen() 20843 MB/s
[    5.202390] raid6: avx2x4   gen() 22753 MB/s
[    5.204756] raid6: using algorithm avx2x4 gen() 22753 MB/s
[    5.208406] raid6: using avx2x2 recovery algorithm
[    5.214083] xor: automatically using best checksumming function:
[    5.254391]    avx       : 19319.000 MB/sec
[    5.259437] async_tx: api initialized (async)
[    5.280115] md: raid6 personality registered for level 6
[    5.282175] md: raid5 personality registered for level 5
[    5.287459] md: raid4 personality registered for level 4
[    5.309430] md: raid10 personality registered for level 10
done.
Begin: Running /scripts/init-premount ... done.
Begin: Mounting root file system ... Begin: Running /scripts/local-top ... done.
Begin: Running /scripts/local-premount ... [    5.395389] Btrfs loaded
Scanning for Btrfs filesystems
done.
Warning: fsck not present, so skipping root file system
[    5.466761] EXT4-fs (sda1): mounted filesystem with ordered data mode. Opts: (null)
done.
Begin: Running /scripts/local-bottom ... done.
Begin: Running /scripts/init-bottom ... done.
[    5.911082] systemd[1]: systemd 229 running in system mode. (+PAM +AUDIT +SELINUX +IMA +APPARMOR +SMACK +SYSVINIT +UTMP +LIBCRYPTSETUP +GCRYPT +GNUTLS +ACL +XZ -LZ4 +SECCOMP +BLKID +ELFUTILS +KMOD -IDN)
[    5.918180] systemd[1]: Detected virtualization oracle.
[    5.919775] systemd[1]: Detected architecture x86-64.

Welcome to [1mUbuntu 16.04.6 LTS[0m!

[    5.937442] systemd[1]: Set hostname to <ubuntu-xenial>.
[    6.220067] random: nonblocking pool is initialized
[    6.363708] systemd[1]: Listening on udev Kernel Socket.
[[0;32m  OK  [0m] Listening on udev Kernel Socket.
[    6.367170] systemd[1]: Started Trigger resolvconf update for networkd DNS.
[[0;32m  OK  [0m] Started Trigger resolvconf update for networkd DNS.
[    6.370928] systemd[1]: Set up automount Arbitrary Executable File Formats File System Automount Point.
[[0;32m  OK  [0m] Set up automount Arbitrary Executab...ats File System Automount Point.
[    6.377574] systemd[1]: Listening on LVM2 metadata daemon socket.
[[0;32m  OK  [0m] Listening on LVM2 metadata daemon socket.
[    6.381414] systemd[1]: Listening on Journal Socket.
[[0;32m  OK  [0m] Listening on Journal Socket.
[    6.384896] systemd[1]: Reached target Encrypted Volumes.
[[0;32m  OK  [0m] Reached target Encrypted Volumes.
[    6.388838] systemd[1]: Listening on LVM2 poll daemon socket.
[[0;32m  OK  [0m] Listening on LVM2 poll daemon socket.
[    6.399192] systemd[1]: Listening on /dev/initctl Compatibility Named Pipe.
[[0;32m  OK  [0m] Listening on /dev/initctl Compatibility Named Pipe.
[    6.404843] systemd[1]: Reached target Swap.
[[0;32m  OK  [0m] Reached target Swap.
[    6.408457] systemd[1]: Listening on Journal Socket (/dev/log).
[[0;32m  OK  [0m] Listening on Journal Socket (/dev/log).
[    6.413728] systemd[1]: Listening on Syslog Socket.
[[0;32m  OK  [0m] Listening on Syslog Socket.
[    6.418959] systemd[1]: Reached target System Time Synchronized.
[[0;32m  OK  [0m] Reached target System Time Synchronized.
[    6.425026] systemd[1]: Created slice System Slice.
[[0;32m  OK  [0m] Created slice System Slice.
[    6.451492] systemd[1]: Starting Remount Root and Kernel File Systems...
         Starting Remount Root and Kernel File Systems...
[    6.471420] systemd[1]: Mounting POSIX Message Queue File System...
         Mounting POSIX Message Queue File System...
[    6.489815] systemd[1]: Starting Uncomplicated firewall...
         Starting Uncomplicated firewall...
[    6.516315] EXT4-fs (sda1): re-mounted. Opts: (null)
[    6.537330] systemd[1]: Starting Load Kernel Modules...
         Starting Load Kernel Modules...
[    6.546153] systemd[1]: Started Forward Password Requests to Wall Directory Watch.
[[0;32m  OK  [0m] Started Forward Password Requests to Wall Directory Watch.
[    6.556040] systemd[1]: Starting Nameserver information manager...
         Starting Nameserver information manager...
[    6.562562] systemd[1]: Reached target User and Group Name Lookups.
[    6.565486] Loading iSCSI transport class v2.0-870.
[[0;32m  OK  [0m] Reached target User and Group Name Lookups.
[    6.570622] systemd[1]: Created slice system-serial\x2dgetty.slice.
[[0;32m  OK  [0m] Created slice system-serial\x2dgetty.slice.
[    6.578414] systemd[1]: Starting Set console keymap...
         Starting Set console keymap...
[    6.589738] systemd[1]: Mounting Huge Pages File System...
         Mounting Huge Pages File System...
[    6.596322] systemd[1]: Starting Create list of required static device nodes for the current kernel...
         Starting Create list of required st... nodes for the current kernel...
[    6.605975] systemd[1]: Mounting Debug File System...
         Mounting Debug File System...
[    6.614557] systemd[1]: Created slice User and Session Slice.
[    6.614725] iscsi: registered transport (tcp)
[[0;32m  OK  [0m] Created slice User and Session Slice.
[    6.627099] systemd[1]: Listening on Device-mapper event daemon FIFOs.
[[0;32m  OK  [0m] Listening on Device-mapper event daemon FIFOs.
[    6.646753] systemd[1]: Starting Monitoring of LVM2 mirrors, snapshots etc. using dmeventd or progress polling...
         Starting Monitoring of LVM2 mirrors... dmeventd or progress polling...
[    6.657563] systemd[1]: Listening on Journal Audit Socket.
[[0;32m  OK  [0m] Listening on Journal Audit Socket.
[    6.663162] systemd[1]: Starting Journal Service...
         Starting Journal Service...
[    6.668953] systemd[1]: Reached target Slices.
[[0;32m  OK  [0m] Reached target Slices.
[    6.673085] systemd[1]: Listening on udev Control Socket.
[[0;32m  OK  [0m] Listening on udev Control Socket.
[    6.682249] systemd[1]: Mounted Huge Pages File System.
[[0;32m  OK  [0m] Mounted Huge Pages File System.
[    6.687754] systemd[1]: Mounted POSIX Message Queue File System.
[[0;32m  OK  [0m] Mounted POSIX Message Queue File System.
[    6.699636] systemd[1]: Mounted Debug File System.
[[0;32m  OK  [0m] Mounted Debug File System.
[    6.704371] systemd[1]: Started Remount Root and Kernel File Systems.
[[0;32m  OK  [0m] Started Remount Root and Kernel File Systems.
[    6.713334] systemd[1]: Started Uncomplicated firewall.
[[0;32m  OK  [0m] Started Uncomplicated firewall.
[    6.736462] systemd[1]: Started Set console keymap.
[[0;32m  OK  [0m] Started Set console keymap.
[    6.741705] systemd[1]: Started Create list of required static device nodes for the current kernel.
[[0;32m  OK  [0m] Started Create list of required sta...ce nodes for the current kernel.
[    6.759715] iscsi: registered transport (iser)
[    6.767234] systemd[1]: Starting Create Static Device Nodes in /dev...
         Starting Create Static Device Nodes in /dev...
[    6.779610] systemd[1]: Starting Load/Save Random Seed...
         Starting Load/Save Random Seed...
[    6.818673] systemd[1]: Starting udev Coldplug all Devices...
         Starting udev Coldplug all Devices...
[    6.823762] systemd[1]: Started Journal Service.
[[0;32m  OK  [0m] Started Journal Service.
[[0;32m  OK  [0m] Started Load Kernel Modules.
[[0;32m  OK  [0m] Started Nameserver information manager.
[[0;32m  OK  [0m] Started Load/Save Random Seed.
[[0;32m  OK  [0m] Started LVM2 metadata daemon.
         Starting Apply Kernel Variables...
         Mounting FUSE Control File System...
         Starting Flush Journal to Persistent Storage...
[[0;32m  OK  [0m] Mounted FUSE Control File System.
[[0;32m  OK  [0m] Started udev Coldplug all Devices.
[    6.911788] systemd-journald[404]: Received request to flush runtime journal from PID 1
[[0;32m  OK  [0m] Started Flush Journal to Persistent Storage.
[[0;32m  OK  [0m] Started Create Static Device Nodes in /dev.
[[0;32m  OK  [0m] Started Apply Kernel Variables.
         Starting udev Kernel Device Manager...
[[0;32m  OK  [0m] Started udev Kernel Device Manager.
[[0;32m  OK  [0m] Started Dispatch Password Requests to Console Directory Watch.
[[0;32m  OK  [0m] Found device /dev/ttyS0.
[[0;32m  OK  [0m] Listening on Load/Save RF Kill Switch Status /dev/rfkill Watch.
[[0;32m  OK  [0m] Started Monitoring of LVM2 mirrors,...ng dmeventd or progress polling.
[[0;32m  OK  [0m] Reached target Local File Systems (Pre).
[[0;32m  OK  [0m] Reached target Local File Systems.
         Starting Create Volatile Files and Directories...
         Starting Initial cloud-init job (pre-networking)...
         Starting LSB: AppArmor initialization...
         Starting Set console font and keymap...
         Starting Tell Plymouth To Write Out Runtime Data...
[[0;32m  OK  [0m] Started Create Volatile Files and Directories.
[[0;32m  OK  [0m] Started Tell Plymouth To Write Out Runtime Data.
         Starting Update UTMP about System Boot/Shutdown...
[[0;32m  OK  [0m] Found device 82540EM Gigabit Ethern...r (PRO/1000 MT Desktop Adapter).
[[0;32m  OK  [0m] Found device 82540EM Gigabit Ethern...r (PRO/1000 MT Desktop Adapter).
[[0;32m  OK  [0m] Started Update UTMP about System Boot/Shutdown.
[[0;32m  OK  [0m] Started LSB: AppArmor initialization.
[[0;32m  OK  [0m] Started Set console font and keymap.
[[0;32m  OK  [0m] Created slice system-getty.slice.
[    9.519274] cloud-init[639]: Cloud-init v. 19.4-33-gbb4131a2-0ubuntu1~16.04.1 running 'init-local' at Tue, 23 Jun 2020 20:06:06 +0000. Up 9.18 seconds.
[[0;32m  OK  [0m] Started Initial cloud-init job (pre-networking).
[[0;32m  OK  [0m] Reached target Network (Pre).
[[0;32m  OK  [0m] Started ifup for enp0s3.
[[0;32m  OK  [0m] Started ifup for enp0s8.
         Starting Raise network interfaces...
[[0;32m  OK  [0m] Started Raise network interfaces.
[[0;32m  OK  [0m] Reached target Network.
         Starting Initial cloud-init job (metadata service crawler)...
[   10.802229] cloud-init[1077]: Cloud-init v. 19.4-33-gbb4131a2-0ubuntu1~16.04.1 running 'init' at Tue, 23 Jun 2020 20:06:07 +0000. Up 10.36 seconds.
[   10.813993] cloud-init[1077]: ci-info: ++++++++++++++++++++++++++++++++++++++Net device info+++++++++++++++++++++++++++++++++++++++
[   10.830172] cloud-init[1077]: ci-info: +--------+------+-----------------------------+---------------+--------+-------------------+
[   10.850336] cloud-init[1077]: ci-info: | Device |  Up  |           Address           |      Mask     | Scope  |     Hw-Address    |
[   10.915770] cloud-init[1077]: ci-info: +--------+------+-----------------------------+---------------+--------+-------------------+
[   10.965622] cloud-init[1077]: ci-info: | enp0s3 | True |          10.0.2.15          | 255.255.255.0 | global | 02:89:fa:04:16:8f |
[   10.998482] cloud-init[1077]: ci-info: | enp0s3 | True |  fe80::89:faff:fe04:168f/64 |       .       |  link  | 02:89:fa:04:16:8f |
[   11.009351] cloud-init[1077]: ci-info: | enp0s8 | True |        192.168.10.150       | 255.255.255.0 | global | 08:00:27:2a:fc:55 |
[   11.014630] cloud-init[1077]: ci-info: | enp0s8 | True | fe80::a00:27ff:fe2a:fc55/64 |       .       |  link  | 08:00:27:2a:fc:55 |
[   11.022674] cloud-init[1077]: ci-info: |   lo   | True |          127.0.0.1          |   255.0.0.0   |  host  |         .         |
[   11.029193] cloud-init[1077]: ci-info: |   lo   | True |           ::1/128           |       .       |  host  |         .         |
[   11.040779] cloud-init[1077]: ci-info: +--------+------+-----------------------------+---------------+--------+-------------------+
[   11.048021] cloud-init[1077]: ci-info: ++++++++++++++++++++++++++++Route IPv4 info++++++++++++++++++++++++++++
[   11.056520] cloud-init[1077]: ci-info: +-------+--------------+----------+---------------+-----------+-------+
[   11.069414] cloud-init[1077]: ci-info: | Route | Destination  | Gateway  |    Genmask    | Interface | Flags |
[   11.082070] cloud-init[1077]: ci-info: +-------+--------------+----------+---------------+-----------+-------+
[   11.097195] cloud-init[1077]: ci-info: |   0   |   0.0.0.0    | 10.0.2.2 |    0.0.0.0    |   enp0s3  |   UG  |
[   11.106742] cloud-init[1077]: ci-info: |   1   |   10.0.2.0   | 0.0.0.0  | 255.255.255.0 |   enp0s3  |   U   |
[   11.113006] cloud-init[1077]: ci-info: |   2   | 192.168.10.0 | 0.0.0.0  | 255.255.255.0 |   enp0s8  |   U   |
[[0;32m  OK  [0m] Started Initial cloud-init job (metadata service crawler).
[[   11.130602] cloud-init[1077]: ci-info: +-------+--------------+----------+---------------+-----------+-------+
[   11.140352] cloud-init[1077]: ci-info: +++++++++++++++++++Route IPv6 info+++++++++++++++++++
[   11.140848] cloud-init[1077]: ci-info: +-------+-------------+---------+-----------+-------+
[   11.141067] cloud-init[1077]: ci-info: | Route | Destination | Gateway | Interface | Flags |
[   11.142369] cloud-init[1077]: ci-info: +-------+-------------+---------+-----------+-------+
[0;32m  OK  [0m] Reached target System Initialization.
[[0;32m  OK  [0m] Listening on ACPID Listen Socket.
[   11.143759] cloud-init[1077]: ci-info: |   0   |  fe80::/64  |    ::   |   enp0s8  |   U   |
[[0;32m  OK  [0m] Started Message of the Day.
[[0;32m  OK  [0m] Listening on UUID daemon activation socket.
[[0;32m  OK  [0m] Listening on D-Bus System Message Bus Socket.
[   11.166100] cloud-init[1077]: ci-info: |   1   |  fe80::/64  |    ::   |   enp0s3  |   U   |
[[0;32m  OK  [0m] Started ACPI Events Check.
[[0;32m  OK  [0m] Reached target Paths.
[[0;32m  OK  [0m] Started Daily Cleanup of Temporary Directories.
[   11.183532] cloud-init[1077]: ci-info: |   4   |   ff00::/8  |    ::   |   enp0s8  |   U   |
[   11.196212]          Starting LXD - unix socket.
[[0;32m  OK  [0m] Started Daily apt download activities.
[[0;32m  OK  [0m] Started Daily apt upgrade and clean activities.
cloud-init[1077]: ci-info: |   5   |   ff00::/8  |    ::   |   enp0s3  |   U   |
[[0;32m  OK  [0m] Reached target Timers.
         Starting Socket activation for snappy daemon.
[   11.203744] cloud-init[1077]: ci-info: +-------+-------------+---------+-----------+-------+
[[0;32m  OK  [0m] Reached target Network is Online.
         Starting iSCSI initiator daemon (iscsid)...
[[0;32m  OK  [0m] Reached target Cloud-config availability.
[[0;32m  OK  [0m] Listening on LXD - unix socket.
[[0;32m  OK  [0m] Listening on Socket activation for snappy daemon.
[[0;32m  OK  [0m] Reached target Sockets.
[[0;32m  OK  [0m] Reached target Basic System.
[[0;32m  OK  [0m] Started ACPI event daemon.
[[0;32m  OK  [0m] Started Deferred execution scheduler.
[[0;32m  OK  [0m] Started FUSE filesystem for LXC.
         Starting OpenBSD Secure Shell server...
         Starting Virtualbox guest utils...
         Starting Login Service...
         Starting /etc/rc.local Compatibility...
[[0;32m  OK  [0m] Started D-Bus System Message Bus.
         Starting Snappy daemon...
         Starting LSB: Record successful boot for GRUB...
         Starting Accounts Service...
         Starting System Logging Service...
[[0;32m  OK  [0m] Started Regular background program processing daemon.
         Starting LSB: MD monitoring daemon...
         Starting LXD - container startup/shutdown...
[[0;32m  OK  [0m] Started iSCSI initiator daemon (iscsid).
[[0;32m  OK  [0m] Started /etc/rc.local Compatibility.
[[0;32m  OK  [0m] Started OpenBSD Secure Shell server.
[[0;32m  OK  [0m] Started Login Service.
[[0;32m  OK  [0m] Started Unattended Upgrades Shutdown.
         Starting Login to default iSCSI targets...
[[0;32m  OK  [0m] Started LSB: Record successful boot for GRUB.
[[0;32m  OK  [0m] Started LSB: MD monitoring daemon.
[[0;32m  OK  [0m] Started System Logging Service.
[[0;32m  OK  [0m] Started Login to default iSCSI targets.
[[0;32m  OK  [0m] Reached target Remote File Systems (Pre).
[[0;32m  OK  [0m] Reached target Remote File Systems.
         Starting LSB: daemon to balance interrupts for SMP systems...
         Starting LSB: Set the CPU Frequency Scaling governor to "ondemand"...
         Starting Permit User Sessions...
         Starting LSB: automatic crash report generation...
[[0;32m  OK  [0m] Started LSB: Set the CPU Frequency Scaling governor to "ondemand".
[[0;32m  OK  [0m] Started Permit User Sessions.
         Starting Terminate Plymouth Boot Screen...
         Starting Hold until boot process finishes up...
[[0;32m  OK  [0m] Started Hold until boot process finishes up.
[[0;32m  OK  [0m] Started Serial Getty on ttyS0.
         Starting Set console scheme...
[[0;32m  OK  [0m] Started Getty on tty1.
[[0;32m  OK  [0m] Reached target Login Prompts.
[[0;32m  OK  [0m] Started Terminate Plymouth Boot Screen.
[[0;32m  OK  [0m] Started Set console scheme.
[[0;32m  OK  [0m] Started LSB: daemon to balance interrupts for SMP systems.
         Starting Authenticate and Authorize Users to Run Privileged Tasks...
[[0;32m  OK  [0m] Started LSB: automatic crash report generation.
[[0;32m  OK  [0m] Started Virtualbox guest utils.
[[0;32m  OK  [0m] Started Authenticate and Authorize Users to Run Privileged Tasks.
[[0;32m  OK  [0m] Started Accounts Service.
[[0;32m  OK  [0m] Started LXD - container startup/shutdown.
[[0;32m  OK  [0m] Started Snappy daemon.
         Starting Wait until snapd is fully seeded...
[[0;32m  OK  [0m] Started Wait until snapd is fully seeded.
[[0;32m  OK  [0m] Reached target Multi-User System.
[[0;32m  OK  [0m] Reached target Graphical Interface.
         Starting Update UTMP about System Runlevel Changes...
         Starting Apply the settings specified in cloud-config...
[[0;32m  OK  [0m] Started Update UTMP about System Runlevel Changes.
[   14.583512] cloud-init[1340]: Cloud-init v. 19.4-33-gbb4131a2-0ubuntu1~16.04.1 running 'modules:config' at Tue, 23 Jun 2020 20:06:11 +0000. Up 14.42 seconds.
[[0;32m  OK  [0m] Started Apply the settings specified in cloud-config.
         Starting Execute cloud user/final scripts...
[   15.580531] cloud-init[1351]: Cloud-init v. 19.4-33-gbb4131a2-0ubuntu1~16.04.1 running 'modules:final' at Tue, 23 Jun 2020 20:06:12 +0000. Up 15.38 seconds.
[   15.596629] cloud-init[1351]: Cloud-init v. 19.4-33-gbb4131a2-0ubuntu1~16.04.1 finished at Tue, 23 Jun 2020 20:06:12 +0000. Datasource DataSourceNoCloud [seed=/dev/sdb][dsmode=net].  Up 15.56 seconds
[[0;32m  OK  [0m] Started Execute cloud user/final scripts.
[[0;32m  OK  [0m] Reached target Cloud-init target.

Ubuntu 16.04.6 LTS ubuntu-xenial ttyS0

ubuntu-xenial login: 